<?xml version="1.0" encoding="UTF-8"?>
<testng-results ignored="0" total="1" passed="1" failed="0" skipped="0">
  <reporter-output>
  </reporter-output>
  <suite started-at="2025-05-16T19:39:10 IST" name="Default suite" finished-at="2025-05-16T19:39:13 IST" duration-ms="2136">
    <groups>
    </groups>
    <test started-at="2025-05-16T19:39:10 IST" name="Default test" finished-at="2025-05-16T19:39:13 IST" duration-ms="2136">
      <class name="basics.LearnSpecBuilders">
        <test-method signature="mytestUsingSpecs()[pri:0, instance:basics.LearnSpecBuilders@3bb9a3ff]" started-at="2025-05-16T19:39:10 IST" name="mytestUsingSpecs" finished-at="2025-05-16T19:39:13 IST" duration-ms="2106" status="PASS">
          <reporter-output>
          </reporter-output>
        </test-method> <!-- mytestUsingSpecs -->
      </class> <!-- basics.LearnSpecBuilders -->
    </test> <!-- Default test -->
  </suite> <!-- Default suite -->
</testng-results>
