<?xml version="1.0" encoding="UTF-8"?>
<testng-results ignored="0" total="1" passed="1" failed="0" skipped="0">
  <reporter-output>
  </reporter-output>
  <suite started-at="2025-05-14T19:40:25 IST" name="Default suite" finished-at="2025-05-14T19:40:27 IST" duration-ms="2727">
    <groups>
    </groups>
    <test started-at="2025-05-14T19:40:25 IST" name="Default test" finished-at="2025-05-14T19:40:27 IST" duration-ms="2727">
      <class name="basics.LearnDeserialization">
        <test-method signature="mygetBookTest()[pri:0, instance:basics.LearnDeserialization@a514af7]" started-at="2025-05-14T19:40:25 IST" name="mygetBookTest" finished-at="2025-05-14T19:40:27 IST" duration-ms="2657" status="PASS">
          <reporter-output>
          </reporter-output>
        </test-method> <!-- mygetBookTest -->
      </class> <!-- basics.LearnDeserialization -->
    </test> <!-- Default test -->
  </suite> <!-- Default suite -->
</testng-results>
